Using pre-set license
Built from '2020.3/staging' branch; Version is '2020.3.5f1 (8095aa901b9b) revision 8426922'; Using compiler version '192528614'; Build Type 'Release'
OS: 'Windows 10 Home Single Language; OS build 19042.1083; Version 2009; 64bit' Language: 'es' Physical Memory: 8084 MB
BatchMode: 1, IsHumanControllingUs: 0, StartBugReporterOnCrash: 0, Is64bit: 1, IsPro: 0

 COMMAND LINE ARGUMENTS:
C:\Program Files\2020.3.5f1\Editor\Unity.exe
-adb2
-batchMode
-noUpm
-name
AssetImportWorker1
-projectPath
D:/Documentos/FINALCAUCAU/PolyBirdgeCauCau
-logFile
Logs/AssetImportWorker1.log
-srvPort
52544
Successfully changed project path to: D:/Documentos/FINALCAUCAU/PolyBirdgeCauCau
D:/Documentos/FINALCAUCAU/PolyBirdgeCauCau
Using Asset Import Pipeline V2.
Refreshing native plugins compatible for Editor in 66.94 ms, found 1 plugins.
Preloading 0 native plugins for Editor in 0.00 ms.
Initialize engine version: 2020.3.5f1 (8095aa901b9b)
[Subsystems] Discovering subsystems at path C:/Program Files/2020.3.5f1/Editor/Data/Resources/UnitySubsystems
[Subsystems] Discovering subsystems at path D:/Documentos/FINALCAUCAU/PolyBirdgeCauCau/Assets
GfxDevice: creating device client; threaded=0
Direct3D:
    Version:  Direct3D 11.0 [level 11.1]
    Renderer: NVIDIA GeForce GTX 1050 (ID=0x1c8d)
    Vendor:   
    VRAM:     1979 MB
    Driver:   23.21.13.9125
Shader 'Universal Render Pipeline/Particles/Lit': fallback shader 'Universal Render Pipeline/Particles/SimpleLit' not found
Initialize mono
Mono path[0] = 'C:/Program Files/2020.3.5f1/Editor/Data/Managed'
Mono path[1] = 'C:/Program Files/2020.3.5f1/Editor/Data/MonoBleedingEdge/lib/mono/unityjit'
Mono config path = 'C:/Program Files/2020.3.5f1/Editor/Data/MonoBleedingEdge/etc'
Using monoOptions --debugger-agent=transport=dt_socket,embedding=1,server=y,suspend=n,address=127.0.0.1:56960
Begin MonoManager ReloadAssembly
Registering precompiled unity dll's ...
Register platform support module: C:/Program Files/2020.3.5f1/Editor/Data/PlaybackEngines/WindowsStandaloneSupport/UnityEditor.WindowsStandalone.Extensions.dll
Registered in 0.005884 seconds.
Native extension for WindowsStandalone target not found
Refreshing native plugins compatible for Editor in 93.32 ms, found 1 plugins.
Preloading 0 native plugins for Editor in 0.00 ms.
Mono: successfully reloaded assembly
- Completed reload, in  4.867 seconds
Platform modules already initialized, skipping
Registering precompiled user dll's ...
Registered in 0.003295 seconds.
Begin MonoManager ReloadAssembly
Native extension for WindowsStandalone target not found
Refreshing native plugins compatible for Editor in 85.69 ms, found 1 plugins.
Preloading 0 native plugins for Editor in 0.00 ms.
Mono: successfully reloaded assembly
- Completed reload, in  1.859 seconds
Platform modules already initialized, skipping
========================================================================
Worker process is ready to serve import requests
Shader 'Universal Render Pipeline/Particles/Lit': fallback shader 'Universal Render Pipeline/Particles/SimpleLit' not found
Launched and connected shader compiler UnityShaderCompiler.exe after 0.13 seconds
Refreshing native plugins compatible for Editor in 0.57 ms, found 1 plugins.
Preloading 0 native plugins for Editor in 0.00 ms.
Unloading 2962 Unused Serialized files (Serialized files now loaded: 0)
System memory in use before: 131.5 MB.
System memory in use after: 131.6 MB.

Unloading 22 unused Assets to reduce memory usage. Loaded Objects now: 3408.
Total: 4.129500 ms (FindLiveObjects: 1.041100 ms CreateObjectMapping: 0.285700 ms MarkObjects: 2.634500 ms  DeleteObjects: 0.165600 ms)

========================================================================
Received Import Request.
  path: Assets/Scenes/Fondo5.unity
  artifactKey: Guid(7254a8b074a243944a3d8fcde4ef27d8) Importer(815301076,1909f56bfc062723c751e8b465ee728b)
Start importing Assets/Scenes/Fondo5.unity using Guid(7254a8b074a243944a3d8fcde4ef27d8) Importer(815301076,1909f56bfc062723c751e8b465ee728b)  -> (artifact id: '86f2c231f9104b04e9d13f6f0653fa16') in 0.013808 seconds
  Import took 0.029322 seconds .

========================================================================
Received Import Request.
  Time since last request: 0.000360 seconds.
  path: Assets/Scenes/Fondo2.unity
  artifactKey: Guid(0096f88298a380b47b81d09a6fdb8ea8) Importer(815301076,1909f56bfc062723c751e8b465ee728b)
Start importing Assets/Scenes/Fondo2.unity using Guid(0096f88298a380b47b81d09a6fdb8ea8) Importer(815301076,1909f56bfc062723c751e8b465ee728b)  -> (artifact id: 'e2d0fcd7361ce76d50d9a8786563ddc1') in 0.002747 seconds
  Import took 0.008457 seconds .

========================================================================
Received Import Request.
  Time since last request: 0.000323 seconds.
  path: Assets/Scenes/Fondo1.unity
  artifactKey: Guid(383b5126017a6544ba13953c01e5365b) Importer(815301076,1909f56bfc062723c751e8b465ee728b)
Start importing Assets/Scenes/Fondo1.unity using Guid(383b5126017a6544ba13953c01e5365b) Importer(815301076,1909f56bfc062723c751e8b465ee728b)  -> (artifact id: '926430a6f17eb66bb4e0a5582b302264') in 0.002958 seconds
  Import took 0.043397 seconds .

========================================================================
Received Import Request.
  Time since last request: 0.000360 seconds.
  path: Assets/Scenes/Fondo4.unity
  artifactKey: Guid(31dd73e7ec11c1543a2bf1fc36469c07) Importer(815301076,1909f56bfc062723c751e8b465ee728b)
Start importing Assets/Scenes/Fondo4.unity using Guid(31dd73e7ec11c1543a2bf1fc36469c07) Importer(815301076,1909f56bfc062723c751e8b465ee728b)  -> (artifact id: '79208c8bb93d3c1a6dfd330980703a63') in 0.007007 seconds
  Import took 0.059651 seconds .

========================================================================
Received Import Request.
  Time since last request: 0.000348 seconds.
  path: Assets/Scenes/Fondo3.unity
  artifactKey: Guid(30f7b64dd1feb5e468ff738bac0a0192) Importer(815301076,1909f56bfc062723c751e8b465ee728b)
Start importing Assets/Scenes/Fondo3.unity using Guid(30f7b64dd1feb5e468ff738bac0a0192) Importer(815301076,1909f56bfc062723c751e8b465ee728b)  -> (artifact id: '40524175ab6c0f9454812b9db0fb5898') in 0.002718 seconds
  Import took 0.007817 seconds .

========================================================================
Received Prepare
Registering precompiled user dll's ...
Registered in 0.001856 seconds.
Begin MonoManager ReloadAssembly
Native extension for WindowsStandalone target not found
Refreshing native plugins compatible for Editor in 0.67 ms, found 1 plugins.
Preloading 0 native plugins for Editor in 0.00 ms.
Mono: successfully reloaded assembly
- Completed reload, in  1.144 seconds
Platform modules already initialized, skipping
Shader 'Universal Render Pipeline/Particles/Lit': fallback shader 'Universal Render Pipeline/Particles/SimpleLit' not found
Refreshing native plugins compatible for Editor in 0.61 ms, found 1 plugins.
Preloading 0 native plugins for Editor in 0.00 ms.
Unloading 2850 Unused Serialized files (Serialized files now loaded: 0)
System memory in use before: 124.2 MB.
System memory in use after: 124.4 MB.

Unloading 10 unused Assets to reduce memory usage. Loaded Objects now: 3412.
Total: 7.569100 ms (FindLiveObjects: 0.408400 ms CreateObjectMapping: 0.223700 ms MarkObjects: 6.839900 ms  DeleteObjects: 0.095200 ms)

========================================================================
Received Prepare
Registering precompiled user dll's ...
Registered in 0.001734 seconds.
Begin MonoManager ReloadAssembly
Native extension for WindowsStandalone target not found
Refreshing native plugins compatible for Editor in 0.56 ms, found 1 plugins.
Preloading 0 native plugins for Editor in 0.00 ms.
Mono: successfully reloaded assembly
- Completed reload, in  1.139 seconds
Platform modules already initialized, skipping
Shader 'Universal Render Pipeline/Particles/Lit': fallback shader 'Universal Render Pipeline/Particles/SimpleLit' not found
Refreshing native plugins compatible for Editor in 0.57 ms, found 1 plugins.
Preloading 0 native plugins for Editor in 0.00 ms.
Unloading 2850 Unused Serialized files (Serialized files now loaded: 0)
System memory in use before: 124.3 MB.
System memory in use after: 124.4 MB.

Unloading 10 unused Assets to reduce memory usage. Loaded Objects now: 3416.
Total: 4.304200 ms (FindLiveObjects: 0.356200 ms CreateObjectMapping: 0.183500 ms MarkObjects: 3.661800 ms  DeleteObjects: 0.101100 ms)

========================================================================
Received Prepare
Registering precompiled user dll's ...
Registered in 0.001778 seconds.
Begin MonoManager ReloadAssembly
Native extension for WindowsStandalone target not found
Refreshing native plugins compatible for Editor in 0.68 ms, found 1 plugins.
Preloading 0 native plugins for Editor in 0.00 ms.
Mono: successfully reloaded assembly
- Completed reload, in  1.212 seconds
Platform modules already initialized, skipping
Shader 'Universal Render Pipeline/Particles/Lit': fallback shader 'Universal Render Pipeline/Particles/SimpleLit' not found
Refreshing native plugins compatible for Editor in 0.56 ms, found 1 plugins.
Preloading 0 native plugins for Editor in 0.00 ms.
Unloading 2850 Unused Serialized files (Serialized files now loaded: 0)
System memory in use before: 124.3 MB.
System memory in use after: 124.5 MB.

Unloading 10 unused Assets to reduce memory usage. Loaded Objects now: 3420.
Total: 4.523800 ms (FindLiveObjects: 0.703400 ms CreateObjectMapping: 0.256300 ms MarkObjects: 3.467800 ms  DeleteObjects: 0.094400 ms)

========================================================================
Received Import Request.
  Time since last request: 531.072184 seconds.
  path: Assets/Scenes/MenuMain.unity
  artifactKey: Guid(f275b1554d424e741ae88eab6264f271) Importer(815301076,1909f56bfc062723c751e8b465ee728b)
Start importing Assets/Scenes/MenuMain.unity using Guid(f275b1554d424e741ae88eab6264f271) Importer(815301076,1909f56bfc062723c751e8b465ee728b)  -> (artifact id: 'db09c6e4bf9056190846e4be3c9653a1') in 0.021037 seconds
  Import took 0.171237 seconds .

========================================================================
Received Import Request.
  Time since last request: 89.759233 seconds.
  path: Assets/Scenes/Fondo1.unity
  artifactKey: Guid(383b5126017a6544ba13953c01e5365b) Importer(815301076,1909f56bfc062723c751e8b465ee728b)
Start importing Assets/Scenes/Fondo1.unity using Guid(383b5126017a6544ba13953c01e5365b) Importer(815301076,1909f56bfc062723c751e8b465ee728b)  -> (artifact id: '3214bbffea5bdcb389229cf1754a86a4') in 0.004654 seconds
  Import took 1.640316 seconds .

========================================================================
Received Prepare
Registering precompiled user dll's ...
Registered in 0.001944 seconds.
Begin MonoManager ReloadAssembly
Native extension for WindowsStandalone target not found
Refreshing native plugins compatible for Editor in 0.65 ms, found 1 plugins.
Preloading 0 native plugins for Editor in 0.00 ms.
Mono: successfully reloaded assembly
- Completed reload, in  1.259 seconds
Platform modules already initialized, skipping
Shader 'Universal Render Pipeline/Particles/Lit': fallback shader 'Universal Render Pipeline/Particles/SimpleLit' not found
Refreshing native plugins compatible for Editor in 0.61 ms, found 1 plugins.
Preloading 0 native plugins for Editor in 0.00 ms.
Unloading 2850 Unused Serialized files (Serialized files now loaded: 0)
System memory in use before: 124.3 MB.
System memory in use after: 124.5 MB.

Unloading 10 unused Assets to reduce memory usage. Loaded Objects now: 3424.
Total: 4.406300 ms (FindLiveObjects: 0.350400 ms CreateObjectMapping: 0.220400 ms MarkObjects: 3.714400 ms  DeleteObjects: 0.118500 ms)

AssetImportWorkerClient::OnTransportError - code=2 error=End of file
